[2026-01-06T17:51:21.500+0800][0.008s][info][gc] Using Parallel
[2026-01-06T17:51:21.500+0800][0.008s][info][gc,heap,coops] Heap address: 0x0000000300800000, size: 4096 MB, Compressed Oops mode: Zero based, Oop shift amount: 3
[2026-01-06T17:51:21.549+0800][0.057s][info][gc,start     ] GC(0) Pause Young (Allocation Failure)
[2026-01-06T17:51:21.558+0800][0.066s][info][gc,heap      ] GC(0) PSYoungGen: 65536K->10752K(76288K)
[2026-01-06T17:51:21.558+0800][0.066s][info][gc,heap      ] GC(0) ParOldGen: 0K->69480K(175104K)
[2026-01-06T17:51:21.558+0800][0.066s][info][gc,metaspace ] GC(0) Metaspace: 3480K(4864K)->3480K(4864K) NonClass: 3156K(4352K)->3156K(4352K) Class: 324K(512K)->324K(512K)
[2026-01-06T17:51:21.558+0800][0.066s][info][gc           ] GC(0) Pause Young (Allocation Failure) 64M->78M(245M) 9.356ms
[2026-01-06T17:51:21.558+0800][0.066s][info][gc,cpu       ] GC(0) User=0.02s Sys=0.02s Real=0.01s
[2026-01-06T17:51:21.560+0800][0.068s][info][gc,start     ] GC(1) Pause Young (Allocation Failure)
[2026-01-06T17:51:21.574+0800][0.082s][info][gc,heap      ] GC(1) PSYoungGen: 76288K->10752K(141824K)
[2026-01-06T17:51:21.574+0800][0.082s][info][gc,heap      ] GC(1) ParOldGen: 69480K->156120K(175104K)
[2026-01-06T17:51:21.574+0800][0.082s][info][gc,metaspace ] GC(1) Metaspace: 3480K(4864K)->3480K(4864K) NonClass: 3156K(4352K)->3156K(4352K) Class: 324K(512K)->324K(512K)
[2026-01-06T17:51:21.574+0800][0.082s][info][gc           ] GC(1) Pause Young (Allocation Failure) 142M->162M(309M) 13.847ms
[2026-01-06T17:51:21.574+0800][0.082s][info][gc,cpu       ] GC(1) User=0.03s Sys=0.04s Real=0.01s
[2026-01-06T17:51:21.574+0800][0.082s][info][gc,start     ] GC(2) Pause Full (Ergonomics)
[2026-01-06T17:51:21.574+0800][0.082s][info][gc,phases,start] GC(2) Marking Phase
[2026-01-06T17:51:21.585+0800][0.093s][info][gc,phases      ] GC(2) Marking Phase 11.068ms
[2026-01-06T17:51:21.585+0800][0.093s][info][gc,phases,start] GC(2) Summary Phase
[2026-01-06T17:51:21.585+0800][0.093s][info][gc,phases      ] GC(2) Summary Phase 0.006ms
[2026-01-06T17:51:21.585+0800][0.093s][info][gc,phases,start] GC(2) Adjust Roots
[2026-01-06T17:51:21.586+0800][0.094s][info][gc,phases      ] GC(2) Adjust Roots 0.837ms
[2026-01-06T17:51:21.586+0800][0.094s][info][gc,phases,start] GC(2) Compaction Phase
[2026-01-06T17:51:21.595+0800][0.103s][info][gc,phases      ] GC(2) Compaction Phase 8.798ms
[2026-01-06T17:51:21.595+0800][0.103s][info][gc,phases,start] GC(2) Post Compact
[2026-01-06T17:51:21.595+0800][0.103s][info][gc,phases      ] GC(2) Post Compact 0.063ms
[2026-01-06T17:51:21.595+0800][0.103s][info][gc,heap        ] GC(2) PSYoungGen: 10752K->0K(141824K)
[2026-01-06T17:51:21.595+0800][0.103s][info][gc,heap        ] GC(2) ParOldGen: 156120K->128146K(304128K)
[2026-01-06T17:51:21.595+0800][0.103s][info][gc,metaspace   ] GC(2) Metaspace: 3480K(4864K)->3480K(4864K) NonClass: 3156K(4352K)->3156K(4352K) Class: 324K(512K)->324K(512K)
[2026-01-06T17:51:21.595+0800][0.103s][info][gc             ] GC(2) Pause Full (Ergonomics) 162M->125M(435M) 20.933ms
[2026-01-06T17:51:21.595+0800][0.103s][info][gc,cpu         ] GC(2) User=0.11s Sys=0.01s Real=0.02s
[2026-01-06T17:51:21.605+0800][0.113s][info][gc,start       ] GC(3) Pause Young (Allocation Failure)
[2026-01-06T17:51:21.641+0800][0.149s][info][gc,heap        ] GC(3) PSYoungGen: 131072K->10752K(234496K)
[2026-01-06T17:51:21.641+0800][0.149s][info][gc,heap        ] GC(3) ParOldGen: 128146K->287978K(304128K)
[2026-01-06T17:51:21.641+0800][0.149s][info][gc,metaspace   ] GC(3) Metaspace: 3480K(4864K)->3480K(4864K) NonClass: 3156K(4352K)->3156K(4352K) Class: 324K(512K)->324K(512K)
[2026-01-06T17:51:21.641+0800][0.149s][info][gc             ] GC(3) Pause Young (Allocation Failure) 253M->291M(526M) 36.027ms
[2026-01-06T17:51:21.641+0800][0.149s][info][gc,cpu         ] GC(3) User=0.06s Sys=0.08s Real=0.04s
[2026-01-06T17:51:21.641+0800][0.149s][info][gc,start       ] GC(4) Pause Full (Ergonomics)
[2026-01-06T17:51:21.641+0800][0.149s][info][gc,phases,start] GC(4) Marking Phase
[2026-01-06T17:51:21.660+0800][0.168s][info][gc,phases      ] GC(4) Marking Phase 19.007ms
[2026-01-06T17:51:21.660+0800][0.168s][info][gc,phases,start] GC(4) Summary Phase
[2026-01-06T17:51:21.660+0800][0.168s][info][gc,phases      ] GC(4) Summary Phase 0.007ms
[2026-01-06T17:51:21.660+0800][0.168s][info][gc,phases,start] GC(4) Adjust Roots
[2026-01-06T17:51:21.661+0800][0.169s][info][gc,phases      ] GC(4) Adjust Roots 1.379ms
[2026-01-06T17:51:21.661+0800][0.169s][info][gc,phases,start] GC(4) Compaction Phase
[2026-01-06T17:51:21.673+0800][0.181s][info][gc,phases      ] GC(4) Compaction Phase 11.376ms
[2026-01-06T17:51:21.673+0800][0.181s][info][gc,phases,start] GC(4) Post Compact
[2026-01-06T17:51:21.673+0800][0.181s][info][gc,phases      ] GC(4) Post Compact 0.125ms
[2026-01-06T17:51:21.673+0800][0.181s][info][gc,heap        ] GC(4) PSYoungGen: 10752K->0K(234496K)
[2026-01-06T17:51:21.673+0800][0.181s][info][gc,heap        ] GC(4) ParOldGen: 287978K->259077K(544256K)
[2026-01-06T17:51:21.673+0800][0.181s][info][gc,metaspace   ] GC(4) Metaspace: 3480K(4864K)->3480K(4864K) NonClass: 3156K(4352K)->3156K(4352K) Class: 324K(512K)->324K(512K)
[2026-01-06T17:51:21.673+0800][0.181s][info][gc             ] GC(4) Pause Full (Ergonomics) 291M->253M(760M) 32.085ms
[2026-01-06T17:51:21.673+0800][0.181s][info][gc,cpu         ] GC(4) User=0.25s Sys=0.01s Real=0.03s
[2026-01-06T17:51:21.683+0800][0.191s][info][gc,start       ] GC(5) Pause Young (Allocation Failure)
[2026-01-06T17:51:21.736+0800][0.244s][info][gc,heap        ] GC(5) PSYoungGen: 223744K->10752K(374784K)
[2026-01-06T17:51:21.737+0800][0.244s][info][gc,heap        ] GC(5) ParOldGen: 259077K->541541K(544256K)
[2026-01-06T17:51:21.737+0800][0.244s][info][gc,metaspace   ] GC(5) Metaspace: 3480K(4864K)->3480K(4864K) NonClass: 3156K(4352K)->3156K(4352K) Class: 324K(512K)->324K(512K)
[2026-01-06T17:51:21.737+0800][0.244s][info][gc             ] GC(5) Pause Young (Allocation Failure) 471M->539M(897M) 53.851ms
[2026-01-06T17:51:21.737+0800][0.244s][info][gc,cpu         ] GC(5) User=0.11s Sys=0.22s Real=0.05s
[2026-01-06T17:51:21.737+0800][0.244s][info][gc,start       ] GC(6) Pause Full (Ergonomics)
[2026-01-06T17:51:21.737+0800][0.244s][info][gc,phases,start] GC(6) Marking Phase
[2026-01-06T17:51:21.767+0800][0.275s][info][gc,phases      ] GC(6) Marking Phase 30.763ms
[2026-01-06T17:51:21.767+0800][0.275s][info][gc,phases,start] GC(6) Summary Phase
[2026-01-06T17:51:21.767+0800][0.275s][info][gc,phases      ] GC(6) Summary Phase 0.008ms
[2026-01-06T17:51:21.767+0800][0.275s][info][gc,phases,start] GC(6) Adjust Roots
[2026-01-06T17:51:21.772+0800][0.280s][info][gc,phases      ] GC(6) Adjust Roots 4.611ms
[2026-01-06T17:51:21.772+0800][0.280s][info][gc,phases,start] GC(6) Compaction Phase
[2026-01-06T17:51:21.793+0800][0.301s][info][gc,phases      ] GC(6) Compaction Phase 21.092ms
[2026-01-06T17:51:21.793+0800][0.301s][info][gc,phases,start] GC(6) Post Compact
[2026-01-06T17:51:21.793+0800][0.301s][info][gc,phases      ] GC(6) Post Compact 0.213ms
[2026-01-06T17:51:21.793+0800][0.301s][info][gc,heap        ] GC(6) PSYoungGen: 10752K->0K(374784K)
[2026-01-06T17:51:21.793+0800][0.301s][info][gc,heap        ] GC(6) ParOldGen: 541541K->482711K(925696K)
[2026-01-06T17:51:21.793+0800][0.301s][info][gc,metaspace   ] GC(6) Metaspace: 3480K(4864K)->3480K(4864K) NonClass: 3156K(4352K)->3156K(4352K) Class: 324K(512K)->324K(512K)
[2026-01-06T17:51:21.794+0800][0.301s][info][gc             ] GC(6) Pause Full (Ergonomics) 539M->471M(1270M) 56.961ms
[2026-01-06T17:51:21.794+0800][0.301s][info][gc,cpu         ] GC(6) User=0.45s Sys=0.02s Real=0.06s
[2026-01-06T17:51:21.816+0800][0.324s][info][gc,start       ] GC(7) Pause Young (Allocation Failure)
[2026-01-06T17:51:21.915+0800][0.423s][info][gc,heap        ] GC(7) PSYoungGen: 364032K->10752K(135680K)
[2026-01-06T17:51:21.915+0800][0.423s][info][gc,heap        ] GC(7) ParOldGen: 482711K->950759K(951296K)
[2026-01-06T17:51:21.915+0800][0.423s][info][gc,metaspace   ] GC(7) Metaspace: 3506K(4864K)->3506K(4864K) NonClass: 3179K(4352K)->3179K(4352K) Class: 327K(512K)->327K(512K)
[2026-01-06T17:51:21.915+0800][0.423s][info][gc             ] GC(7) Pause Young (Allocation Failure) 826M->938M(1061M) 98.949ms
[2026-01-06T17:51:21.915+0800][0.423s][info][gc,cpu         ] GC(7) User=0.17s Sys=0.32s Real=0.10s
[2026-01-06T17:51:21.915+0800][0.423s][info][gc,start       ] GC(8) Pause Full (Ergonomics)
[2026-01-06T17:51:21.915+0800][0.423s][info][gc,phases,start] GC(8) Marking Phase
[2026-01-06T17:51:21.995+0800][0.503s][info][gc,phases      ] GC(8) Marking Phase 80.415ms
[2026-01-06T17:51:21.995+0800][0.503s][info][gc,phases,start] GC(8) Summary Phase
[2026-01-06T17:51:21.995+0800][0.503s][info][gc,phases      ] GC(8) Summary Phase 0.010ms
[2026-01-06T17:51:21.995+0800][0.503s][info][gc,phases,start] GC(8) Adjust Roots
[2026-01-06T17:51:21.998+0800][0.506s][info][gc,phases      ] GC(8) Adjust Roots 2.519ms
[2026-01-06T17:51:21.998+0800][0.506s][info][gc,phases,start] GC(8) Compaction Phase
[2026-01-06T17:51:22.031+0800][0.539s][info][gc,phases      ] GC(8) Compaction Phase 33.512ms
[2026-01-06T17:51:22.031+0800][0.539s][info][gc,phases,start] GC(8) Post Compact
[2026-01-06T17:51:22.032+0800][0.540s][info][gc,phases      ] GC(8) Post Compact 0.396ms
[2026-01-06T17:51:22.032+0800][0.540s][info][gc,heap        ] GC(8) PSYoungGen: 10752K->0K(590848K)
[2026-01-06T17:51:22.032+0800][0.540s][info][gc,heap        ] GC(8) ParOldGen: 950759K->846615K(1514496K)
[2026-01-06T17:51:22.032+0800][0.540s][info][gc,metaspace   ] GC(8) Metaspace: 3506K(4864K)->3506K(4864K) NonClass: 3179K(4352K)->3179K(4352K) Class: 327K(512K)->327K(512K)
[2026-01-06T17:51:22.032+0800][0.540s][info][gc             ] GC(8) Pause Full (Ergonomics) 938M->826M(2056M) 117.112ms
[2026-01-06T17:51:22.032+0800][0.540s][info][gc,cpu         ] GC(8) User=0.69s Sys=0.12s Real=0.12s
[2026-01-06T17:51:22.035+0800][0.543s][info][gc,start       ] GC(9) Pause Young (Allocation Failure)
[2026-01-06T17:51:22.060+0800][0.568s][info][gc,heap        ] GC(9) PSYoungGen: 124928K->132224K(651776K)
[2026-01-06T17:51:22.060+0800][0.568s][info][gc,heap        ] GC(9) ParOldGen: 846615K->846615K(1514496K)
[2026-01-06T17:51:22.060+0800][0.568s][info][gc,metaspace   ] GC(9) Metaspace: 3506K(4864K)->3506K(4864K) NonClass: 3179K(4352K)->3179K(4352K) Class: 327K(512K)->327K(512K)
[2026-01-06T17:51:22.060+0800][0.568s][info][gc             ] GC(9) Pause Young (Allocation Failure) 948M->955M(2115M) 25.139ms
[2026-01-06T17:51:22.060+0800][0.568s][info][gc,cpu         ] GC(9) User=0.05s Sys=0.06s Real=0.03s
[2026-01-06T17:51:22.064+0800][0.572s][info][gc,heap,exit   ] Heap
[2026-01-06T17:51:22.064+0800][0.572s][info][gc,heap,exit   ]  PSYoungGen      total 651776K, used 227730K [0x00000003ab300000, 0x00000003efc00000, 0x0000000400800000)
[2026-01-06T17:51:22.064+0800][0.572s][info][gc,heap,exit   ]   eden space 191488K, 49% used [0x00000003ab300000,0x00000003b1044a08,0x00000003b6e00000)
[2026-01-06T17:51:22.064+0800][0.572s][info][gc,heap,exit   ]   from space 460288K, 28% used [0x00000003d3a80000,0x00000003dbba0000,0x00000003efc00000)
[2026-01-06T17:51:22.064+0800][0.572s][info][gc,heap,exit   ]   to   space 465920K, 0% used [0x00000003b6e00000,0x00000003b6e00000,0x00000003d3500000)
[2026-01-06T17:51:22.064+0800][0.572s][info][gc,heap,exit   ]  ParOldGen       total 1514496K, used 846615K [0x0000000300800000, 0x000000035cf00000, 0x00000003ab300000)
[2026-01-06T17:51:22.064+0800][0.572s][info][gc,heap,exit   ]   object space 1514496K, 55% used [0x0000000300800000,0x00000003342c5d28,0x000000035cf00000)
[2026-01-06T17:51:22.064+0800][0.572s][info][gc,heap,exit   ]  Metaspace       used 3515K, capacity 4486K, committed 4864K, reserved 1056768K
[2026-01-06T17:51:22.064+0800][0.572s][info][gc,heap,exit   ]   class space    used 328K, capacity 386K, committed 512K, reserved 1048576K
